app/build/outputs/logs/manifest-merger-debug-report.txt
-- Merging decision tree log ---
provider#com.wangy.mobile.klsk.ui.custom.MyProvider
INJECTED from src\main\AndroidManifest.xml:75:9-83:20
	android:grantUriPermissions
		ADDED from src\main\AndroidManifest.xml:79:13-47
	android:authorities
		INJECTED from src\main\AndroidManifest.xml
		ADDED from src\main\AndroidManifest.xml:77:13-64
	android:exported
		ADDED from src\main\AndroidManifest.xml:78:13-37
	android:name
		ADDED from src\main\AndroidManifest.xml:76:13-49
manifest
ADDED from src\main\AndroidManifest.xml:2:1-121:12
INJECTED from src\main\AndroidManifest.xml:2:1-121:12
INJECTED from src\main\AndroidManifest.xml:2:1-121:12
INJECTED from src\main\AndroidManifest.xml:2:1-121:12
MERGED from [com.trello.rxlifecycle2:rxlifecycle-components:2.1.0] AndroidManifest.xml:13:1-19:12
MERGED from [com.github.SiKang123:AndroidToolBox:1.0] AndroidManifest.xml:2:1-21:12
MERGED from [com.android.support:design:27.1.1] AndroidManifest.xml:17:1-22:12
MERGED from [com.zxy.android:recovery:0.1.4] AndroidManifest.xml:2:1-33:12
MERGED from [com.github.pinguo-zhouwei:CustomPopwindow:2.1.1] AndroidManifest.xml:2:1-17:12
MERGED from [com.android.support:appcompat-v7:27.1.1] AndroidManifest.xml:17:1-22:12
MERGED from [com.android.support.constraint:constraint-layout:1.1.2] AndroidManifest.xml:2:1-11:12
MERGED from [com.android.support:support-v4:27.1.1] AndroidManifest.xml:17:1-22:12
MERGED from [com.jakewharton:butterknife:8.4.0] AndroidManifest.xml:2:1-7:12
MERGED from [com.jakewharton.rxbinding2:rxbinding:2.0.0] AndroidManifest.xml:2:1-8:12
MERGED from [com.trello.rxlifecycle2:rxlifecycle-android:2.1.0] AndroidManifest.xml:13:1-19:12
MERGED from [io.reactivex.rxjava2:rxandroid:2.0.1] AndroidManifest.xml:15:1-21:12
MERGED from [:springview-release:] AndroidManifest.xml:2:1-17:12
MERGED from [:uaac-release:] AndroidManifest.xml:2:1-124:12
MERGED from [com.youth.banner:banner:1.4.10] AndroidManifest.xml:2:1-11:12
MERGED from [com.yanzhenjie:recyclerview-swipe:1.1.4] AndroidManifest.xml:17:1-25:12
MERGED from [com.android.support:recyclerview-v7:27.1.1] AndroidManifest.xml:17:1-22:12
MERGED from [de.hdodenhof:circleimageview:2.2.0] AndroidManifest.xml:2:1-11:12
MERGED from [com.github.fingdo:stateLayout:1.0.0] AndroidManifest.xml:2:1-13:12
MERGED from [com.github.cazaea:sweet-alert-dialog:1.0.0] AndroidManifest.xml:2:1-11:12
MERGED from [top.zibin:Luban:1.1.3] AndroidManifest.xml:2:1-11:12
MERGED from [com.tbruyelle.rxpermissions2:rxpermissions:0.9.5] AndroidManifest.xml:2:1-13:12
MERGED from [com.android.support:multidex:1.0.2] AndroidManifest.xml:17:1-22:12
MERGED from [cn.jiguang.sdk:jpush:3.1.3] AndroidManifest.xml:2:1-133:12
MERGED from [cn.jiguang.sdk:jcore:1.2.1] AndroidManifest.xml:2:1-14:12
MERGED from [com.github.vondear.RxTool:RxUI:v2.0.4] AndroidManifest.xml:2:1-19:12
MERGED from [com.github.vondear.RxTool:RxKit:v2.0.4] AndroidManifest.xml:2:1-48:12
MERGED from [com.github.bumptech.glide:glide:4.7.1] AndroidManifest.xml:2:1-13:12
MERGED from [com.android.support:support-fragment:27.1.1] AndroidManifest.xml:17:1-22:12
MERGED from [com.android.support:animated-vector-drawable:27.1.1] AndroidManifest.xml:17:1-22:12
MERGED from [com.android.support:support-core-ui:27.1.1] AndroidManifest.xml:17:1-22:12
MERGED from [com.android.support:support-core-utils:27.1.1] AndroidManifest.xml:17:1-22:12
MERGED from [com.android.support:support-media-compat:27.1.1] AndroidManifest.xml:17:1-22:12
MERGED from [com.android.support:transition:27.1.1] AndroidManifest.xml:17:1-22:12
MERGED from [com.android.support:support-vector-drawable:27.1.1] AndroidManifest.xml:17:1-22:12
MERGED from [com.android.support:support-compat:27.1.1] AndroidManifest.xml:17:1-22:12
MERGED from [com.github.bumptech.glide:gifdecoder:4.7.1] AndroidManifest.xml:2:1-11:12
MERGED from [com.github.cazaea:materialish-progress:1.0.2] AndroidManifest.xml:2:1-13:12
MERGED from [com.yanzhenjie:loading:1.0.2] AndroidManifest.xml:17:1-25:12
MERGED from [android.arch.lifecycle:livedata-core:1.1.0] AndroidManifest.xml:17:1-22:12
MERGED from [android.arch.lifecycle:viewmodel:1.1.0] AndroidManifest.xml:17:1-22:12
MERGED from [android.arch.lifecycle:runtime:1.1.0] AndroidManifest.xml:17:1-22:12
MERGED from [android.arch.core:runtime:1.1.0] AndroidManifest.xml:17:1-22:12
INJECTED from src\main\AndroidManifest.xml:2:1-121:12
INJECTED from src\main\AndroidManifest.xml:2:1-121:12
INJECTED from src\main\AndroidManifest.xml:2:1-121:12
	package
		ADDED from src\main\AndroidManifest.xml:4:5-36
		INJECTED from src\main\AndroidManifest.xml
		INJECTED from src\main\AndroidManifest.xml
	android:versionName
		INJECTED from src\main\AndroidManifest.xml
		ADDED from src\main\AndroidManifest.xml:2:1-121:12
		INJECTED from src\main\AndroidManifest.xml
	xmlns:tools
		ADDED from src\main\AndroidManifest.xml:3:5-51
	android:versionCode
		INJECTED from src\main\AndroidManifest.xml
		ADDED from src\main\AndroidManifest.xml:2:1-121:12
		INJECTED from src\main\AndroidManifest.xml
	xmlns:android
		ADDED from src\main\AndroidManifest.xml:2:11-69
uses-permission#android.permission.INTERNET
ADDED from src\main\AndroidManifest.xml:7:5-67
MERGED from [com.github.SiKang123:AndroidToolBox:1.0] AndroidManifest.xml:13:5-67
MERGED from [com.github.SiKang123:AndroidToolBox:1.0] AndroidManifest.xml:13:5-67
MERGED from [:uaac-release:] AndroidManifest.xml:13:5-67
MERGED from [:uaac-release:] AndroidManifest.xml:13:5-67
MERGED from [cn.jiguang.sdk:jpush:3.1.3] AndroidManifest.xml:18:5-67
MERGED from [cn.jiguang.sdk:jpush:3.1.3] AndroidManifest.xml:18:5-67
MERGED from [com.github.vondear.RxTool:RxKit:v2.0.4] AndroidManifest.xml:12:5-67
MERGED from [com.github.vondear.RxTool:RxKit:v2.0.4] AndroidManifest.xml:12:5-67
	android:name
		ADDED from src\main\AndroidManifest.xml:7:22-64
uses-permission#android.permission.CAMERA
ADDED from src\main\AndroidManifest.xml:9:5-65
MERGED from [:uaac-release:] AndroidManifest.xml:33:5-65
MERGED from [:uaac-release:] AndroidManifest.xml:33:5-65
MERGED from [com.github.vondear.RxTool:RxKit:v2.0.4] AndroidManifest.xml:28:5-65
MERGED from [com.github.vondear.RxTool:RxKit:v2.0.4] AndroidManifest.xml:28:5-65
	android:name
		ADDED from src\main\AndroidManifest.xml:9:22-62
uses-permission#android.permission.MOUNT_UNMOUNT_FILESYSTEMS
ADDED from src\main\AndroidManifest.xml:11:5-84
MERGED from [com.github.SiKang123:AndroidToolBox:1.0] AndroidManifest.xml:12:5-84
MERGED from [com.github.SiKang123:AndroidToolBox:1.0] AndroidManifest.xml:12:5-84
MERGED from [:uaac-release:] AndroidManifest.xml:31:5-84
MERGED from [:uaac-release:] AndroidManifest.xml:31:5-84
MERGED from [cn.jiguang.sdk:jpush:3.1.3] AndroidManifest.xml:25:5-84
MERGED from [cn.jiguang.sdk:jpush:3.1.3] AndroidManifest.xml:25:5-84
	android:name
		ADDED from src\main\AndroidManifest.xml:11:22-81
uses-permission#android.permission.RECORD_AUDIO
ADDED from src\main\AndroidManifest.xml:13:5-71
MERGED from [:uaac-release:] AndroidManifest.xml:15:5-71
MERGED from [:uaac-release:] AndroidManifest.xml:15:5-71
	android:name
		ADDED from src\main\AndroidManifest.xml:13:22-68
uses-permission#android.permission.READ_PHONE_STATE
ADDED from src\main\AndroidManifest.xml:15:5-75
MERGED from [:uaac-release:] AndroidManifest.xml:29:5-75
MERGED from [:uaac-release:] AndroidManifest.xml:29:5-75
MERGED from [cn.jiguang.sdk:jpush:3.1.3] AndroidManifest.xml:20:5-75
MERGED from [cn.jiguang.sdk:jpush:3.1.3] AndroidManifest.xml:20:5-75
MERGED from [com.github.vondear.RxTool:RxKit:v2.0.4] AndroidManifest.xml:21:5-75
MERGED from [com.github.vondear.RxTool:RxKit:v2.0.4] AndroidManifest.xml:21:5-75
	android:name
		ADDED from src\main\AndroidManifest.xml:15:22-72
uses-permission#android.permission.WAKE_LOCK
ADDED from src\main\AndroidManifest.xml:17:5-68
MERGED from [cn.jiguang.sdk:jpush:3.1.3] AndroidManifest.xml:19:5-68
MERGED from [cn.jiguang.sdk:jpush:3.1.3] AndroidManifest.xml:19:5-68
	android:name
		ADDED from src\main\AndroidManifest.xml:17:22-65
uses-permission#android.permission.ACCESS_NETWORK_STATE
ADDED from src\main\AndroidManifest.xml:19:5-79
MERGED from [:uaac-release:] AndroidManifest.xml:27:5-79
MERGED from [:uaac-release:] AndroidManifest.xml:27:5-79
MERGED from [cn.jiguang.sdk:jpush:3.1.3] AndroidManifest.xml:26:5-79
MERGED from [cn.jiguang.sdk:jpush:3.1.3] AndroidManifest.xml:26:5-79
MERGED from [com.github.vondear.RxTool:RxKit:v2.0.4] AndroidManifest.xml:11:5-79
MERGED from [com.github.vondear.RxTool:RxKit:v2.0.4] AndroidManifest.xml:11:5-79
	android:name
		ADDED from src\main\AndroidManifest.xml:19:22-76
uses-permission#android.permission.CHANGE_NETWORK_STATE
ADDED from src\main\AndroidManifest.xml:21:5-79
MERGED from [cn.jiguang.sdk:jpush:3.1.3] AndroidManifest.xml:35:5-79
MERGED from [cn.jiguang.sdk:jpush:3.1.3] AndroidManifest.xml:35:5-79
	android:name
		ADDED from src\main\AndroidManifest.xml:21:22-76
uses-permission#android.permission.GET_TASKS
ADDED from src\main\AndroidManifest.xml:23:5-68
MERGED from [com.zxy.android:recovery:0.1.4] AndroidManifest.xml:11:5-68
MERGED from [com.zxy.android:recovery:0.1.4] AndroidManifest.xml:11:5-68
	android:name
		ADDED from src\main\AndroidManifest.xml:23:22-65
uses-permission#android.permission.ACCESS_WIFI_STATE
ADDED from src\main\AndroidManifest.xml:25:5-76
MERGED from [:uaac-release:] AndroidManifest.xml:25:5-76
MERGED from [:uaac-release:] AndroidManifest.xml:25:5-76
MERGED from [cn.jiguang.sdk:jpush:3.1.3] AndroidManifest.xml:27:5-76
MERGED from [cn.jiguang.sdk:jpush:3.1.3] AndroidManifest.xml:27:5-76
MERGED from [com.github.vondear.RxTool:RxKit:v2.0.4] AndroidManifest.xml:15:5-76
MERGED from [com.github.vondear.RxTool:RxKit:v2.0.4] AndroidManifest.xml:15:5-76
	android:name
		ADDED from src\main\AndroidManifest.xml:25:22-73
uses-permission#android.permission.CHANGE_WIFI_STATE
ADDED from src\main\AndroidManifest.xml:26:5-76
MERGED from [:uaac-release:] AndroidManifest.xml:50:5-76
MERGED from [:uaac-release:] AndroidManifest.xml:50:5-76
MERGED from [cn.jiguang.sdk:jpush:3.1.3] AndroidManifest.xml:32:5-76
MERGED from [cn.jiguang.sdk:jpush:3.1.3] AndroidManifest.xml:32:5-76
	android:name
		ADDED from src\main\AndroidManifest.xml:26:22-73
uses-permission#android.permission.RAISED_THREAD_PRIORITY
ADDED from src\main\AndroidManifest.xml:28:5-81
	android:name
		ADDED from src\main\AndroidManifest.xml:28:22-78
uses-permission#android.permission.WRITE_EXTERNAL_STORAGE
ADDED from src\main\AndroidManifest.xml:30:5-81
MERGED from [com.github.SiKang123:AndroidToolBox:1.0] AndroidManifest.xml:11:5-81
MERGED from [com.github.SiKang123:AndroidToolBox:1.0] AndroidManifest.xml:11:5-81
MERGED from [com.zxy.android:recovery:0.1.4] AndroidManifest.xml:13:5-81
MERGED from [com.zxy.android:recovery:0.1.4] AndroidManifest.xml:13:5-81
MERGED from [:uaac-release:] AndroidManifest.xml:19:5-81
MERGED from [:uaac-release:] AndroidManifest.xml:19:5-81
MERGED from [cn.jiguang.sdk:jpush:3.1.3] AndroidManifest.xml:21:5-81
MERGED from [cn.jiguang.sdk:jpush:3.1.3] AndroidManifest.xml:21:5-81
MERGED from [com.github.vondear.RxTool:RxKit:v2.0.4] AndroidManifest.xml:22:5-81
MERGED from [com.github.vondear.RxTool:RxKit:v2.0.4] AndroidManifest.xml:22:5-81
	android:name
		ADDED from src\main\AndroidManifest.xml:30:22-78
uses-permission#android.permission.READ_EXTERNAL_STORAGE
ADDED from src\main\AndroidManifest.xml:31:5-80
MERGED from [com.zxy.android:recovery:0.1.4] AndroidManifest.xml:12:5-80
MERGED from [com.zxy.android:recovery:0.1.4] AndroidManifest.xml:12:5-80
MERGED from [:uaac-release:] AndroidManifest.xml:17:5-80
MERGED from [:uaac-release:] AndroidManifest.xml:17:5-80
MERGED from [cn.jiguang.sdk:jpush:3.1.3] AndroidManifest.xml:22:5-80
MERGED from [cn.jiguang.sdk:jpush:3.1.3] AndroidManifest.xml:22:5-80
	android:name
		ADDED from src\main\AndroidManifest.xml:31:22-77
uses-permission#android.permission.ACCESS_COARSE_LOCATION
ADDED from src\main\AndroidManifest.xml:33:5-81
MERGED from [:uaac-release:] AndroidManifest.xml:21:5-81
MERGED from [:uaac-release:] AndroidManifest.xml:21:5-81
MERGED from [cn.jiguang.sdk:jpush:3.1.3] AndroidManifest.xml:31:5-81
MERGED from [cn.jiguang.sdk:jpush:3.1.3] AndroidManifest.xml:31:5-81
MERGED from [com.github.vondear.RxTool:RxUI:v2.0.4] AndroidManifest.xml:11:5-81
MERGED from [com.github.vondear.RxTool:RxUI:v2.0.4] AndroidManifest.xml:11:5-81
MERGED from [com.github.vondear.RxTool:RxKit:v2.0.4] AndroidManifest.xml:13:5-81
MERGED from [com.github.vondear.RxTool:RxKit:v2.0.4] AndroidManifest.xml:13:5-81
	android:name
		ADDED from src\main\AndroidManifest.xml:33:22-78
uses-permission#android.permission.ACCESS_FINE_LOCATION
ADDED from src\main\AndroidManifest.xml:35:5-79
MERGED from [:uaac-release:] AndroidManifest.xml:23:5-79
MERGED from [:uaac-release:] AndroidManifest.xml:23:5-79
MERGED from [cn.jiguang.sdk:jpush:3.1.3] AndroidManifest.xml:33:5-79
MERGED from [cn.jiguang.sdk:jpush:3.1.3] AndroidManifest.xml:33:5-79
MERGED from [com.github.vondear.RxTool:RxKit:v2.0.4] AndroidManifest.xml:14:5-79
MERGED from [com.github.vondear.RxTool:RxKit:v2.0.4] AndroidManifest.xml:14:5-79
	android:name
		ADDED from src\main\AndroidManifest.xml:35:22-76
uses-permission#android.permission.BLUETOOTH
ADDED from src\main\AndroidManifest.xml:37:5-68
	android:name
		ADDED from src\main\AndroidManifest.xml:37:22-65
uses-permission#android.permission.READ_OWNER_DATA
ADDED from src\main\AndroidManifest.xml:39:5-74
	android:name
		ADDED from src\main\AndroidManifest.xml:39:22-71
uses-permission#android.permission.WRITE_OWNER_DATA
ADDED from src\main\AndroidManifest.xml:41:5-75
	android:name
		ADDED from src\main\AndroidManifest.xml:41:22-72
uses-permission#android.permission.READ_CONTACTS
ADDED from src\main\AndroidManifest.xml:43:5-72
MERGED from [:uaac-release:] AndroidManifest.xml:39:5-72
MERGED from [:uaac-release:] AndroidManifest.xml:39:5-72
	android:name
		ADDED from src\main\AndroidManifest.xml:43:22-69
uses-permission#com.android.launcher.permission.READ_SETTINGS
ADDED from src\main\AndroidManifest.xml:45:5-85
	android:name
		ADDED from src\main\AndroidManifest.xml:45:22-82
uses-permission#android.permission.WRITE_SETTINGS
ADDED from src\main\AndroidManifest.xml:47:5-73
MERGED from [:uaac-release:] AndroidManifest.xml:35:5-73
MERGED from [:uaac-release:] AndroidManifest.xml:35:5-73
MERGED from [cn.jiguang.sdk:jpush:3.1.3] AndroidManifest.xml:23:5-73
MERGED from [cn.jiguang.sdk:jpush:3.1.3] AndroidManifest.xml:23:5-73
	android:name
		ADDED from src\main\AndroidManifest.xml:47:22-70
uses-permission#android.permission.RECEIVE_USER_PRESENT
ADDED from src\main\AndroidManifest.xml:49:5-79
MERGED from [cn.jiguang.sdk:jpush:3.1.3] AndroidManifest.xml:17:5-79
MERGED from [cn.jiguang.sdk:jpush:3.1.3] AndroidManifest.xml:17:5-79
	android:name
		ADDED from src\main\AndroidManifest.xml:49:22-76
uses-permission#android.permission.VIBRATE
ADDED from src\main\AndroidManifest.xml:51:5-66
MERGED from [:uaac-release:] AndroidManifest.xml:37:5-66
MERGED from [:uaac-release:] AndroidManifest.xml:37:5-66
MERGED from [cn.jiguang.sdk:jpush:3.1.3] AndroidManifest.xml:24:5-66
MERGED from [cn.jiguang.sdk:jpush:3.1.3] AndroidManifest.xml:24:5-66
MERGED from [com.github.vondear.RxTool:RxKit:v2.0.4] AndroidManifest.xml:24:5-66
MERGED from [com.github.vondear.RxTool:RxKit:v2.0.4] AndroidManifest.xml:24:5-66
	android:name
		ADDED from src\main\AndroidManifest.xml:51:22-63
uses-permission#com.ustcinfo.mobile.hft.permission.JPUSH_MESSAGE
ADDED from src\main\AndroidManifest.xml:52:5-88
	android:name
		ADDED from src\main\AndroidManifest.xml:52:22-85
uses-feature#android.hardware.camera
ADDED from src\main\AndroidManifest.xml:54:5-56:35
MERGED from [:uaac-release:] AndroidManifest.xml:57:5-59:35
MERGED from [:uaac-release:] AndroidManifest.xml:57:5-59:35
MERGED from [com.github.vondear.RxTool:RxKit:v2.0.4] AndroidManifest.xml:30:5-60
MERGED from [com.github.vondear.RxTool:RxKit:v2.0.4] AndroidManifest.xml:30:5-60
	android:required
		ADDED from src\main\AndroidManifest.xml:56:9-32
		MERGED from src\main\AndroidManifest.xml:56:9-32
	android:name
		ADDED from src\main\AndroidManifest.xml:55:9-47
uses-feature#android.hardware.camera.autofocus
ADDED from src\main\AndroidManifest.xml:57:5-59:36
MERGED from [:uaac-release:] AndroidManifest.xml:60:5-62:36
MERGED from [:uaac-release:] AndroidManifest.xml:60:5-62:36
MERGED from [com.github.vondear.RxTool:RxKit:v2.0.4] AndroidManifest.xml:32:5-70
MERGED from [com.github.vondear.RxTool:RxKit:v2.0.4] AndroidManifest.xml:32:5-70
	android:required
		ADDED from src\main\AndroidManifest.xml:59:9-33
		MERGED from src\main\AndroidManifest.xml:59:9-33
	android:name
		ADDED from src\main\AndroidManifest.xml:58:9-57
application
ADDED from src\main\AndroidManifest.xml:61:5-119:19
MERGED from [com.github.SiKang123:AndroidToolBox:1.0] AndroidManifest.xml:15:5-19:19
MERGED from [com.github.SiKang123:AndroidToolBox:1.0] AndroidManifest.xml:15:5-19:19
MERGED from [com.zxy.android:recovery:0.1.4] AndroidManifest.xml:15:5-31:19
MERGED from [com.zxy.android:recovery:0.1.4] AndroidManifest.xml:15:5-31:19
MERGED from [com.github.pinguo-zhouwei:CustomPopwindow:2.1.1] AndroidManifest.xml:11:5-15:19
MERGED from [com.github.pinguo-zhouwei:CustomPopwindow:2.1.1] AndroidManifest.xml:11:5-15:19
MERGED from [com.android.support.constraint:constraint-layout:1.1.2] AndroidManifest.xml:9:5-20
MERGED from [com.android.support.constraint:constraint-layout:1.1.2] AndroidManifest.xml:9:5-20
MERGED from [:springview-release:] AndroidManifest.xml:11:5-15:19
MERGED from [:springview-release:] AndroidManifest.xml:11:5-15:19
MERGED from [:uaac-release:] AndroidManifest.xml:64:5-122:19
MERGED from [:uaac-release:] AndroidManifest.xml:64:5-122:19
MERGED from [de.hdodenhof:circleimageview:2.2.0] AndroidManifest.xml:9:5-20
MERGED from [de.hdodenhof:circleimageview:2.2.0] AndroidManifest.xml:9:5-20
MERGED from [com.github.fingdo:stateLayout:1.0.0] AndroidManifest.xml:9:5-11:38
MERGED from [com.github.fingdo:stateLayout:1.0.0] AndroidManifest.xml:9:5-11:38
MERGED from [com.tbruyelle.rxpermissions2:rxpermissions:0.9.5] AndroidManifest.xml:11:5-20
MERGED from [com.tbruyelle.rxpermissions2:rxpermissions:0.9.5] AndroidManifest.xml:11:5-20
MERGED from [cn.jiguang.sdk:jpush:3.1.3] AndroidManifest.xml:37:5-131:19
MERGED from [cn.jiguang.sdk:jpush:3.1.3] AndroidManifest.xml:37:5-131:19
MERGED from [cn.jiguang.sdk:jcore:1.2.1] AndroidManifest.xml:11:5-12:19
MERGED from [cn.jiguang.sdk:jcore:1.2.1] AndroidManifest.xml:11:5-12:19
MERGED from [com.github.vondear.RxTool:RxUI:v2.0.4] AndroidManifest.xml:13:5-17:19
MERGED from [com.github.vondear.RxTool:RxUI:v2.0.4] AndroidManifest.xml:13:5-17:19
MERGED from [com.github.vondear.RxTool:RxKit:v2.0.4] AndroidManifest.xml:34:5-46:19
MERGED from [com.github.vondear.RxTool:RxKit:v2.0.4] AndroidManifest.xml:34:5-46:19
MERGED from [com.github.bumptech.glide:glide:4.7.1] AndroidManifest.xml:11:5-20
MERGED from [com.github.bumptech.glide:glide:4.7.1] AndroidManifest.xml:11:5-20
MERGED from [com.github.bumptech.glide:gifdecoder:4.7.1] AndroidManifest.xml:9:5-20
MERGED from [com.github.bumptech.glide:gifdecoder:4.7.1] AndroidManifest.xml:9:5-20
MERGED from [com.github.cazaea:materialish-progress:1.0.2] AndroidManifest.xml:11:5-20
MERGED from [com.github.cazaea:materialish-progress:1.0.2] AndroidManifest.xml:11:5-20
	android:supportsRtl
		ADDED from src\main\AndroidManifest.xml:67:9-35
	android:label
		ADDED from src\main\AndroidManifest.xml:65:9-40
		REJECTED from [com.github.SiKang123:AndroidToolBox:1.0] AndroidManifest.xml:17:9-41
		REJECTED from [com.github.pinguo-zhouwei:CustomPopwindow:2.1.1] AndroidManifest.xml:13:9-41
		REJECTED from [:springview-release:] AndroidManifest.xml:13:9-41
	android:roundIcon
		ADDED from src\main\AndroidManifest.xml:66:9-45
	android:icon
		ADDED from src\main\AndroidManifest.xml:64:9-40
	android:allowBackup
		ADDED from src\main\AndroidManifest.xml:63:9-35
	android:theme
		ADDED from src\main\AndroidManifest.xml:68:9-40
	tools:replace
		ADDED from src\main\AndroidManifest.xml:69:9-38
	android:name
		ADDED from src\main\AndroidManifest.xml:62:9-49
activity#com.wangy.mobile.klsk.ui.activity.MainActivity
ADDED from src\main\AndroidManifest.xml:70:9-72:20
	android:name
		ADDED from src\main\AndroidManifest.xml:70:19-59
activity#com.wangy.mobile.klsk.ui.activity.LoginActivity
ADDED from src\main\AndroidManifest.xml:86:9-94:20
	android:theme
		ADDED from src\main\AndroidManifest.xml:88:13-44
	android:name
		ADDED from src\main\AndroidManifest.xml:87:13-54
intent-filter#android.intent.action.MAIN+android.intent.category.LAUNCHER
ADDED from src\main\AndroidManifest.xml:90:13-93:29
action#android.intent.action.MAIN
ADDED from src\main\AndroidManifest.xml:91:17-69
	android:name
		ADDED from src\main\AndroidManifest.xml:91:25-66
category#android.intent.category.LAUNCHER
ADDED from src\main\AndroidManifest.xml:92:17-77
	android:name
		ADDED from src\main\AndroidManifest.xml:92:27-74
receiver#com.wangy.mobile.klsk.receiver.MyReceiver
ADDED from src\main\AndroidManifest.xml:98:9-115:20
	android:enabled
		ADDED from src\main\AndroidManifest.xml:100:13-35
	android:name
		ADDED from src\main\AndroidManifest.xml:99:13-48
intent-filter#cn.jpush.android.intent.CONNECTION+cn.jpush.android.intent.MESSAGE_RECEIVED+cn.jpush.android.intent.NOTIFICATION_OPENED+cn.jpush.android.intent.NOTIFICATION_RECEIVED+cn.jpush.android.intent.REGISTRATION+com.ustcinfo.mobile.hft
ADDED from src\main\AndroidManifest.xml:101:13-114:29
action#cn.jpush.android.intent.REGISTRATION
ADDED from src\main\AndroidManifest.xml:103:17-79
	android:name
		ADDED from src\main\AndroidManifest.xml:103:25-76
action#cn.jpush.android.intent.MESSAGE_RECEIVED
ADDED from src\main\AndroidManifest.xml:105:17-83
	android:name
		ADDED from src\main\AndroidManifest.xml:105:25-80
action#cn.jpush.android.intent.NOTIFICATION_RECEIVED
ADDED from src\main\AndroidManifest.xml:107:17-88
	android:name
		ADDED from src\main\AndroidManifest.xml:107:25-85
action#cn.jpush.android.intent.NOTIFICATION_OPENED
ADDED from src\main\AndroidManifest.xml:109:17-86
	android:name
		ADDED from src\main\AndroidManifest.xml:109:25-83
action#cn.jpush.android.intent.CONNECTION
ADDED from src\main\AndroidManifest.xml:111:17-77
	android:name
		ADDED from src\main\AndroidManifest.xml:111:25-74
category#com.ustcinfo.mobile.hft
ADDED from src\main\AndroidManifest.xml:113:17-68
	android:name
		ADDED from src\main\AndroidManifest.xml:113:27-65
uses-sdk
INJECTED from src\main\AndroidManifest.xml reason: use-sdk injection requested
INJECTED from src\main\AndroidManifest.xml
INJECTED from src\main\AndroidManifest.xml
MERGED from [com.trello.rxlifecycle2:rxlifecycle-components:2.1.0] AndroidManifest.xml:17:5-44
MERGED from [com.trello.rxlifecycle2:rxlifecycle-components:2.1.0] AndroidManifest.xml:17:5-44
MERGED from [com.github.SiKang123:AndroidToolBox:1.0] AndroidManifest.xml:7:5-9:41
MERGED from [com.github.SiKang123:AndroidToolBox:1.0] AndroidManifest.xml:7:5-9:41
MERGED from [com.android.support:design:27.1.1] AndroidManifest.xml:20:5-44
MERGED from [com.android.support:design:27.1.1] AndroidManifest.xml:20:5-44
MERGED from [com.zxy.android:recovery:0.1.4] AndroidManifest.xml:7:5-9:41
MERGED from [com.zxy.android:recovery:0.1.4] AndroidManifest.xml:7:5-9:41
MERGED from [com.github.pinguo-zhouwei:CustomPopwindow:2.1.1] AndroidManifest.xml:7:5-9:41
MERGED from [com.github.pinguo-zhouwei:CustomPopwindow:2.1.1] AndroidManifest.xml:7:5-9:41
MERGED from [com.android.support:appcompat-v7:27.1.1] AndroidManifest.xml:20:5-44
MERGED from [com.android.support:appcompat-v7:27.1.1] AndroidManifest.xml:20:5-44
MERGED from [com.android.support.constraint:constraint-layout:1.1.2] AndroidManifest.xml:5:5-7:41
MERGED from [com.android.support.constraint:constraint-layout:1.1.2] AndroidManifest.xml:5:5-7:41
MERGED from [com.android.support:support-v4:27.1.1] AndroidManifest.xml:20:5-44
MERGED from [com.android.support:support-v4:27.1.1] AndroidManifest.xml:20:5-44
MERGED from [com.jakewharton:butterknife:8.4.0] AndroidManifest.xml:5:5-43
MERGED from [com.jakewharton:butterknife:8.4.0] AndroidManifest.xml:5:5-43
MERGED from [com.jakewharton.rxbinding2:rxbinding:2.0.0] AndroidManifest.xml:6:5-44
MERGED from [com.jakewharton.rxbinding2:rxbinding:2.0.0] AndroidManifest.xml:6:5-44
MERGED from [com.trello.rxlifecycle2:rxlifecycle-android:2.1.0] AndroidManifest.xml:17:5-44
MERGED from [com.trello.rxlifecycle2:rxlifecycle-android:2.1.0] AndroidManifest.xml:17:5-44
MERGED from [io.reactivex.rxjava2:rxandroid:2.0.1] AndroidManifest.xml:19:5-43
MERGED from [io.reactivex.rxjava2:rxandroid:2.0.1] AndroidManifest.xml:19:5-43
MERGED from [:springview-release:] AndroidManifest.xml:7:5-9:41
MERGED from [:springview-release:] AndroidManifest.xml:7:5-9:41
MERGED from [:uaac-release:] AndroidManifest.xml:8:5-10:41
MERGED from [:uaac-release:] AndroidManifest.xml:8:5-10:41
MERGED from [com.youth.banner:banner:1.4.10] AndroidManifest.xml:7:5-9:41
MERGED from [com.youth.banner:banner:1.4.10] AndroidManifest.xml:7:5-9:41
MERGED from [com.yanzhenjie:recyclerview-swipe:1.1.4] AndroidManifest.xml:21:5-23:41
MERGED from [com.yanzhenjie:recyclerview-swipe:1.1.4] AndroidManifest.xml:21:5-23:41
MERGED from [com.android.support:recyclerview-v7:27.1.1] AndroidManifest.xml:20:5-44
MERGED from [com.android.support:recyclerview-v7:27.1.1] AndroidManifest.xml:20:5-44
MERGED from [de.hdodenhof:circleimageview:2.2.0] AndroidManifest.xml:5:5-7:41
MERGED from [de.hdodenhof:circleimageview:2.2.0] AndroidManifest.xml:5:5-7:41
MERGED from [com.github.fingdo:stateLayout:1.0.0] AndroidManifest.xml:5:5-7:41
MERGED from [com.github.fingdo:stateLayout:1.0.0] AndroidManifest.xml:5:5-7:41
MERGED from [com.github.cazaea:sweet-alert-dialog:1.0.0] AndroidManifest.xml:7:5-9:41
MERGED from [com.github.cazaea:sweet-alert-dialog:1.0.0] AndroidManifest.xml:7:5-9:41
MERGED from [top.zibin:Luban:1.1.3] AndroidManifest.xml:7:5-9:41
MERGED from [top.zibin:Luban:1.1.3] AndroidManifest.xml:7:5-9:41
MERGED from [com.tbruyelle.rxpermissions2:rxpermissions:0.9.5] AndroidManifest.xml:7:5-9:41
MERGED from [com.tbruyelle.rxpermissions2:rxpermissions:0.9.5] AndroidManifest.xml:7:5-9:41
MERGED from [com.android.support:multidex:1.0.2] AndroidManifest.xml:20:5-43
MERGED from [com.android.support:multidex:1.0.2] AndroidManifest.xml:20:5-43
MERGED from [cn.jiguang.sdk:jpush:3.1.3] AndroidManifest.xml:7:5-9:41
MERGED from [cn.jiguang.sdk:jpush:3.1.3] AndroidManifest.xml:7:5-9:41
MERGED from [cn.jiguang.sdk:jcore:1.2.1] AndroidManifest.xml:7:5-9:41
MERGED from [cn.jiguang.sdk:jcore:1.2.1] AndroidManifest.xml:7:5-9:41
MERGED from [com.github.vondear.RxTool:RxUI:v2.0.4] AndroidManifest.xml:7:5-9:41
MERGED from [com.github.vondear.RxTool:RxUI:v2.0.4] AndroidManifest.xml:7:5-9:41
MERGED from [com.github.vondear.RxTool:RxKit:v2.0.4] AndroidManifest.xml:7:5-9:41
MERGED from [com.github.vondear.RxTool:RxKit:v2.0.4] AndroidManifest.xml:7:5-9:41
MERGED from [com.github.bumptech.glide:glide:4.7.1] AndroidManifest.xml:7:5-9:41
MERGED from [com.github.bumptech.glide:glide:4.7.1] AndroidManifest.xml:7:5-9:41
MERGED from [com.android.support:support-fragment:27.1.1] AndroidManifest.xml:20:5-44
MERGED from [com.android.support:support-fragment:27.1.1] AndroidManifest.xml:20:5-44
MERGED from [com.android.support:animated-vector-drawable:27.1.1] AndroidManifest.xml:20:5-44
MERGED from [com.android.support:animated-vector-drawable:27.1.1] AndroidManifest.xml:20:5-44
MERGED from [com.android.support:support-core-ui:27.1.1] AndroidManifest.xml:20:5-44
MERGED from [com.android.support:support-core-ui:27.1.1] AndroidManifest.xml:20:5-44
MERGED from [com.android.support:support-core-utils:27.1.1] AndroidManifest.xml:20:5-44
MERGED from [com.android.support:support-core-utils:27.1.1] AndroidManifest.xml:20:5-44
MERGED from [com.android.support:support-media-compat:27.1.1] AndroidManifest.xml:20:5-44
MERGED from [com.android.support:support-media-compat:27.1.1] AndroidManifest.xml:20:5-44
MERGED from [com.android.support:transition:27.1.1] AndroidManifest.xml:20:5-44
MERGED from [com.android.support:transition:27.1.1] AndroidManifest.xml:20:5-44
MERGED from [com.android.support:support-vector-drawable:27.1.1] AndroidManifest.xml:20:5-44
MERGED from [com.android.support:support-vector-drawable:27.1.1] AndroidManifest.xml:20:5-44
MERGED from [com.android.support:support-compat:27.1.1] AndroidManifest.xml:20:5-44
MERGED from [com.android.support:support-compat:27.1.1] AndroidManifest.xml:20:5-44
MERGED from [com.github.bumptech.glide:gifdecoder:4.7.1] AndroidManifest.xml:5:5-7:41
MERGED from [com.github.bumptech.glide:gifdecoder:4.7.1] AndroidManifest.xml:5:5-7:41
MERGED from [com.github.cazaea:materialish-progress:1.0.2] AndroidManifest.xml:7:5-9:41
MERGED from [com.github.cazaea:materialish-progress:1.0.2] AndroidManifest.xml:7:5-9:41
MERGED from [com.yanzhenjie:loading:1.0.2] AndroidManifest.xml:21:5-23:41
MERGED from [com.yanzhenjie:loading:1.0.2] AndroidManifest.xml:21:5-23:41
MERGED from [android.arch.lifecycle:livedata-core:1.1.0] AndroidManifest.xml:20:5-44
MERGED from [android.arch.lifecycle:livedata-core:1.1.0] AndroidManifest.xml:20:5-44
MERGED from [android.arch.lifecycle:viewmodel:1.1.0] AndroidManifest.xml:20:5-44
MERGED from [android.arch.lifecycle:viewmodel:1.1.0] AndroidManifest.xml:20:5-44
MERGED from [android.arch.lifecycle:runtime:1.1.0] AndroidManifest.xml:20:5-44
MERGED from [android.arch.lifecycle:runtime:1.1.0] AndroidManifest.xml:20:5-44
MERGED from [android.arch.core:runtime:1.1.0] AndroidManifest.xml:20:5-44
MERGED from [android.arch.core:runtime:1.1.0] AndroidManifest.xml:20:5-44
INJECTED from src\main\AndroidManifest.xml
INJECTED from src\main\AndroidManifest.xml
	android:targetSdkVersion
		INJECTED from src\main\AndroidManifest.xml
		ADDED from src\main\AndroidManifest.xml
		INJECTED from src\main\AndroidManifest.xml
	android:minSdkVersion
		INJECTED from src\main\AndroidManifest.xml
		ADDED from src\main\AndroidManifest.xml
		INJECTED from src\main\AndroidManifest.xml